client/androidc/app/build/intermediates/manifest_merge_blame_file/release/manifest-merger-blame-release-report.txt
1<?xml version="1.0" encoding="utf-8"?>
2<manifest xmlns:android="http://schemas.android.com/apk/res/android"
3    package="com.hanul.bteam"
4    android:versionCode="1"
5    android:versionName="1.0" >
6
7    <uses-sdk
8        android:minSdkVersion="21"
8-->src\main\AndroidManifest.xml
9        android:targetSdkVersion="33" />
9-->src\main\AndroidManifest.xml
10
11    <uses-permission android:name="android.permission.ACCESS_COARSE_LOCATION" />
11-->src\main\AndroidManifest.xml:5:5-80
11-->src\main\AndroidManifest.xml:5:22-78
12    <uses-permission android:name="android.permission.ACCESS_FINE_LOCATION" />
12-->src\main\AndroidManifest.xml:6:5-78
12-->src\main\AndroidManifest.xml:6:22-76
13    <uses-permission android:name="com.google.android.gms.permission.AD_ID" />
13-->src\main\AndroidManifest.xml:7:5-79
13-->src\main\AndroidManifest.xml:7:22-76
14    <uses-permission android:name="android.permission.INTERNET" />
14-->src\main\AndroidManifest.xml:8:5-67
14-->src\main\AndroidManifest.xml:8:22-64
15    <uses-permission
15-->src\main\AndroidManifest.xml:9:5-11:38
16        android:name="android.permission.WRITE_EXTERNAL_STORAGE"
16-->src\main\AndroidManifest.xml:10:9-65
17        android:maxSdkVersion="18" />
17-->src\main\AndroidManifest.xml:11:9-35
18    <uses-permission android:name="android.permission.READ_EXTERNAL_STORAGE" />
18-->src\main\AndroidManifest.xml:12:5-80
18-->src\main\AndroidManifest.xml:12:22-77
19    <uses-permission android:name="android.permission.ACCESS_MEDIA_LOCATION" />
19-->src\main\AndroidManifest.xml:13:5-80
19-->src\main\AndroidManifest.xml:13:22-77
20    <uses-permission android:name="android.permission.CAMERA" />
20-->src\main\AndroidManifest.xml:14:5-65
20-->src\main\AndroidManifest.xml:14:22-62
21    <uses-permission android:name="com.google.android.providers.gsf.permission.READ_GSERVICES" />
21-->src\main\AndroidManifest.xml:16:5-98
21-->src\main\AndroidManifest.xml:16:22-95
22
23    <uses-feature
23-->src\main\AndroidManifest.xml:17:5-19:34
24        android:glEsVersion="0x00020000"
24-->src\main\AndroidManifest.xml:18:9-41
25        android:required="true" />
25-->src\main\AndroidManifest.xml:19:9-32
26    <uses-feature
26-->src\main\AndroidManifest.xml:20:5-22:35
27        android:name="android.hardware.camera2"
27-->src\main\AndroidManifest.xml:21:9-48
28        android:required="true" /> <!-- API30이상에서는 queries사용해서 권한부여를 한번 더 해야함. -->
28-->src\main\AndroidManifest.xml:22:9-32
29    <queries>
29-->src\main\AndroidManifest.xml:23:5-52:15
30
31        <!-- WebView -->
32        <intent>
32-->src\main\AndroidManifest.xml:26:9-32:18
33            <action android:name="android.intent.action.VIEW" />
33-->src\main\AndroidManifest.xml:27:13-65
33-->src\main\AndroidManifest.xml:27:21-62
34
35            <category android:name="android.intent.category.BROWSABLE" />
35-->src\main\AndroidManifest.xml:29:13-74
35-->src\main\AndroidManifest.xml:29:23-71
36
37            <data android:scheme="http" />
37-->src\main\AndroidManifest.xml:31:13-43
37-->src\main\AndroidManifest.xml:31:19-40
38        </intent>
39        <intent>
39-->src\main\AndroidManifest.xml:33:9-39:18
40            <action android:name="android.intent.action.VIEW" />
40-->src\main\AndroidManifest.xml:27:13-65
40-->src\main\AndroidManifest.xml:27:21-62
41
42            <category android:name="android.intent.category.BROWSABLE" />
42-->src\main\AndroidManifest.xml:29:13-74
42-->src\main\AndroidManifest.xml:29:23-71
43
44            <data android:scheme="https" />
44-->src\main\AndroidManifest.xml:31:13-43
44-->src\main\AndroidManifest.xml:31:19-40
45        </intent>
46        <!-- Camera -->
47        <intent>
47-->src\main\AndroidManifest.xml:41:9-43:18
48            <action android:name="android.media.action.IMAGE_CAPTURE" />
48-->src\main\AndroidManifest.xml:42:13-73
48-->src\main\AndroidManifest.xml:42:21-70
49        </intent>
50        <!-- Gallery -->
51        <intent>
51-->src\main\AndroidManifest.xml:45:9-47:18
52            <action android:name="android.intent.action.GET_CONTENT" />
52-->src\main\AndroidManifest.xml:46:13-72
52-->src\main\AndroidManifest.xml:46:21-69
53        </intent>
54        <!-- Youtube -->
55        <intent>
55-->src\main\AndroidManifest.xml:49:9-51:18
56            <action android:name="android.media.browse.MediaBrowserService" />
56-->src\main\AndroidManifest.xml:50:13-79
56-->src\main\AndroidManifest.xml:50:21-76
57        </intent>
58        <!-- Needs to be explicitly declared on Android R+ -->
59        <package android:name="com.google.android.apps.maps" />
59-->[com.google.android.gms:play-services-maps:18.1.0] AndroidManifest.xml:33:9-64
59-->[com.google.android.gms:play-services-maps:18.1.0] AndroidManifest.xml:33:18-61
60    </queries>
61
62    <!-- Include required permissions for Google Maps API to run. -->
63    <uses-permission android:name="android.permission.ACCESS_NETWORK_STATE" />
63-->[com.google.android.gms:play-services-maps:18.1.0] AndroidManifest.xml:23:5-79
63-->[com.google.android.gms:play-services-maps:18.1.0] AndroidManifest.xml:23:22-76
64
65    <permission
65-->[androidx.core:core:1.9.0] AndroidManifest.xml:22:5-24:47
66        android:name="com.hanul.bteam.DYNAMIC_RECEIVER_NOT_EXPORTED_PERMISSION"
66-->[androidx.core:core:1.9.0] AndroidManifest.xml:23:9-81
67        android:protectionLevel="signature" />
67-->[androidx.core:core:1.9.0] AndroidManifest.xml:24:9-44
68
69    <uses-permission android:name="com.hanul.bteam.DYNAMIC_RECEIVER_NOT_EXPORTED_PERMISSION" />
69-->[androidx.core:core:1.9.0] AndroidManifest.xml:26:5-97
69-->[androidx.core:core:1.9.0] AndroidManifest.xml:26:22-94
70
71    <application
71-->src\main\AndroidManifest.xml:54:5-100:19
72        android:allowBackup="true"
72-->src\main\AndroidManifest.xml:55:9-35
73        android:appComponentFactory="androidx.core.app.CoreComponentFactory"
73-->[androidx.core:core:1.9.0] AndroidManifest.xml:28:18-86
74        android:dataExtractionRules="@xml/data_extraction_rules"
74-->src\main\AndroidManifest.xml:56:9-65
75        android:fullBackupContent="@xml/backup_rules"
75-->src\main\AndroidManifest.xml:57:9-54
76        android:icon="@mipmap/ic_launcher"
76-->src\main\AndroidManifest.xml:58:9-43
77        android:label="@string/app_name"
77-->src\main\AndroidManifest.xml:59:9-41
78        android:preserveLegacyExternalStorage="true"
78-->src\main\AndroidManifest.xml:60:9-53
79        android:requestLegacyExternalStorage="true"
79-->src\main\AndroidManifest.xml:61:9-52
80        android:roundIcon="@mipmap/ic_launcher_round"
80-->src\main\AndroidManifest.xml:62:9-54
81        android:supportsRtl="true"
81-->src\main\AndroidManifest.xml:63:9-35
82        android:theme="@style/Theme.Bteam"
82-->src\main\AndroidManifest.xml:64:9-43
83        android:usesCleartextTraffic="true" >
83-->src\main\AndroidManifest.xml:65:9-44
84        <meta-data
84-->src\main\AndroidManifest.xml:69:9-71:70
85            android:name="com.google.android.maps.v2.API_KEY"
85-->src\main\AndroidManifest.xml:70:13-62
86            android:value="AIzaSyCq0nwt8RzS19xW-xCl_T5ho7sEMdZZ8b8" />
86-->src\main\AndroidManifest.xml:71:13-68
87
88        <activity
88-->src\main\AndroidManifest.xml:74:9-89:20
89            android:name="com.hanul.bteam.MainActivity"
89-->src\main\AndroidManifest.xml:75:13-41
90            android:exported="true"
90-->src\main\AndroidManifest.xml:76:13-36
91            android:theme="@style/Theme.App.Starting" >
91-->src\main\AndroidManifest.xml:77:13-54
92            <intent-filter>
92-->src\main\AndroidManifest.xml:80:13-84:29
93                <action android:name="android.intent.action.MAIN" />
93-->src\main\AndroidManifest.xml:81:17-69
93-->src\main\AndroidManifest.xml:81:25-66
94
95                <category android:name="android.intent.category.LAUNCHER" />
95-->src\main\AndroidManifest.xml:83:17-77
95-->src\main\AndroidManifest.xml:83:27-74
96            </intent-filter>
97
98            <meta-data
98-->src\main\AndroidManifest.xml:86:13-88:36
99                android:name="android.app.lib_name"
99-->src\main\AndroidManifest.xml:87:17-52
100                android:value="" />
100-->src\main\AndroidManifest.xml:88:17-33
101        </activity>
102
103        <provider
104            android:name="androidx.core.content.FileProvider"
104-->src\main\AndroidManifest.xml:92:13-62
105            android:authorities="com.hanul.bteam.fileprovider"
105-->src\main\AndroidManifest.xml:93:13-64
106            android:exported="false"
106-->src\main\AndroidManifest.xml:94:13-37
107            android:grantUriPermissions="true" >
107-->src\main\AndroidManifest.xml:95:13-47
108            <meta-data
108-->src\main\AndroidManifest.xml:96:13-98:52
109                android:name="android.support.FILE_PROVIDER_PATHS"
109-->src\main\AndroidManifest.xml:97:17-67
110                android:resource="@xml/filepath" />
110-->src\main\AndroidManifest.xml:98:17-49
111        </provider>
112        <!-- Needs to be explicitly declared on P+ -->
113        <uses-library
113-->[com.google.android.gms:play-services-maps:18.1.0] AndroidManifest.xml:39:9-41:40
114            android:name="org.apache.http.legacy"
114-->[com.google.android.gms:play-services-maps:18.1.0] AndroidManifest.xml:40:13-50
115            android:required="false" />
115-->[com.google.android.gms:play-services-maps:18.1.0] AndroidManifest.xml:41:13-37
116
117        <activity
117-->[com.google.android.gms:play-services-base:18.0.1] AndroidManifest.xml:20:9-22:45
118            android:name="com.google.android.gms.common.api.GoogleApiActivity"
118-->[com.google.android.gms:play-services-base:18.0.1] AndroidManifest.xml:20:19-85
119            android:exported="false"
119-->[com.google.android.gms:play-services-base:18.0.1] AndroidManifest.xml:22:19-43
120            android:theme="@android:style/Theme.Translucent.NoTitleBar" />
120-->[com.google.android.gms:play-services-base:18.0.1] AndroidManifest.xml:21:19-78
121
122        <meta-data
122-->[com.google.android.gms:play-services-basement:18.0.0] AndroidManifest.xml:21:9-23:69
123            android:name="com.google.android.gms.version"
123-->[com.google.android.gms:play-services-basement:18.0.0] AndroidManifest.xml:22:13-58
124            android:value="@integer/google_play_services_version" />
124-->[com.google.android.gms:play-services-basement:18.0.0] AndroidManifest.xml:23:13-66
125
126        <provider
126-->[androidx.emoji2:emoji2:1.2.0] AndroidManifest.xml:24:9-32:20
127            android:name="androidx.startup.InitializationProvider"
127-->[androidx.emoji2:emoji2:1.2.0] AndroidManifest.xml:25:13-67
128            android:authorities="com.hanul.bteam.androidx-startup"
128-->[androidx.emoji2:emoji2:1.2.0] AndroidManifest.xml:26:13-68
129            android:exported="false" >
129-->[androidx.emoji2:emoji2:1.2.0] AndroidManifest.xml:27:13-37
130            <meta-data
130-->[androidx.emoji2:emoji2:1.2.0] AndroidManifest.xml:29:13-31:52
131                android:name="androidx.emoji2.text.EmojiCompatInitializer"
131-->[androidx.emoji2:emoji2:1.2.0] AndroidManifest.xml:30:17-75
132                android:value="androidx.startup" />
132-->[androidx.emoji2:emoji2:1.2.0] AndroidManifest.xml:31:17-49
133            <meta-data
133-->[androidx.lifecycle:lifecycle-process:2.4.1] AndroidManifest.xml:31:13-33:52
134                android:name="androidx.lifecycle.ProcessLifecycleInitializer"
134-->[androidx.lifecycle:lifecycle-process:2.4.1] AndroidManifest.xml:32:17-78
135                android:value="androidx.startup" />
135-->[androidx.lifecycle:lifecycle-process:2.4.1] AndroidManifest.xml:33:17-49
136        </provider>
137    </application>
138
139</manifest>